0 info it worked if it ends with ok
1 verbose cli [ 'D:\\Program Files\\nodejs\\node.exe',
1 verbose cli   'D:\\Program Files\\nodejs\\node_modules\\npm\\bin\\npm-cli.js',
1 verbose cli   'start' ]
2 info using npm@3.10.8
3 info using node@v6.9.1
4 verbose run-script [ 'prestart', 'start', 'poststart' ]
5 info lifecycle exp_koa111@0.1.0~prestart: exp_koa111@0.1.0
6 silly lifecycle exp_koa111@0.1.0~prestart: no script for prestart, continuing
7 info lifecycle exp_koa111@0.1.0~start: exp_koa111@0.1.0
8 verbose lifecycle exp_koa111@0.1.0~start: unsafe-perm in lifecycle true
9 verbose lifecycle exp_koa111@0.1.0~start: PATH: D:\Program Files\nodejs\node_modules\npm\bin\node-gyp-bin;E:\git_base\halei\err_code\node_modules\.bin;C:\ProgramData\Oracle\Java\javapath;C:\Windows\system32;C:\Windows;C:\Windows\System32\Wbem;C:\Windows\System32\WindowsPowerShell\v1.0\;C:\Program Files (x86)\NVIDIA Corporation\PhysX\Common;C:\Program Files (x86)\Intel\OpenCL SDK\3.0\bin\x86;C:\Program Files (x86)\Intel\OpenCL SDK\3.0\bin\x64;C:\Program Files (x86)\GtkSharp\2.12\bin;D:\Python27;D:\Android\sdk\platform-tools;D:\Program Files\Java\jdk1.8.0_92\bin;D:\Program Files\Java\jdk1.8.0_92\jre\bin;D:\Android\sdk\tools;D:\Android\sdk\platform-tools;D:\Android\sdk\build-tools\23.0.3;C:\Program Files (x86)\Calibre2\;D:\tools\phantomjs-2.1.1-windows\bin;D:\Program Files\nodejs\;D:\Program Files\TortoiseGit\bin;d:\Program Files\Git\cmd;D:\tools\cmder;C:\Users\haliluyafu\AppData\Roaming\npm
10 verbose lifecycle exp_koa111@0.1.0~start: CWD: E:\git_base\halei\err_code
11 silly lifecycle exp_koa111@0.1.0~start: Args: [ '/d /s /c', 'node ./bin/www' ]
12 silly lifecycle exp_koa111@0.1.0~start: Returned: code: 3221225786  signal: null
13 info lifecycle exp_koa111@0.1.0~start: Failed to exec start script
14 verbose stack Error: exp_koa111@0.1.0 start: `node ./bin/www`
14 verbose stack Exit status 3221225786
14 verbose stack     at EventEmitter.<anonymous> (D:\Program Files\nodejs\node_modules\npm\lib\utils\lifecycle.js:255:16)
14 verbose stack     at emitTwo (events.js:106:13)
14 verbose stack     at EventEmitter.emit (events.js:191:7)
14 verbose stack     at ChildProcess.<anonymous> (D:\Program Files\nodejs\node_modules\npm\lib\utils\spawn.js:40:14)
14 verbose stack     at emitTwo (events.js:106:13)
14 verbose stack     at ChildProcess.emit (events.js:191:7)
14 verbose stack     at maybeClose (internal/child_process.js:877:16)
14 verbose stack     at Process.ChildProcess._handle.onexit (internal/child_process.js:226:5)
15 verbose pkgid exp_koa111@0.1.0
16 verbose cwd E:\git_base\halei\err_code
17 error Windows_NT 6.1.7601
18 error argv "D:\\Program Files\\nodejs\\node.exe" "D:\\Program Files\\nodejs\\node_modules\\npm\\bin\\npm-cli.js" "start"
19 error node v6.9.1
20 error npm  v3.10.8
21 error code ELIFECYCLE
22 error exp_koa111@0.1.0 start: `node ./bin/www`
22 error Exit status 3221225786
23 error Failed at the exp_koa111@0.1.0 start script 'node ./bin/www'.
23 error Make sure you have the latest version of node.js and npm installed.
23 error If you do, this is most likely a problem with the exp_koa111 package,
23 error not with npm itself.
23 error Tell the author that this fails on your system:
23 error     node ./bin/www
23 error You can get information on how to open an issue for this project with:
23 error     npm bugs exp_koa111
23 error Or if that isn't available, you can get their info via:
23 error     npm owner ls exp_koa111
23 error There is likely additional logging output above.
24 verbose exit [ 1, true ]
